<?xml version="1.0" encoding="UTF-8"?>
<!-- Generated by org.testng.reporters.JUnitReportReporter -->
<testsuite hostname="LNOR060212" name="com.selenium.testcases.Registration_failure" tests="2" failures="0" timestamp="20 Aug 2018 20:36:11 GMT" time="63.067" errors="0">
  <testcase name="test01" time="48.276" classname="com.selenium.testcases.Registration_failure"/>
  <testcase name="testEasy" time="14.791" classname="com.selenium.testcases.Registration_failure"/>
</testsuite> <!-- com.selenium.testcases.Registration_failure -->
